#
# There is insufficient memory for the Java Runtime Environment to continue.
# Native memory allocation (mmap) failed to map 273678336 bytes. Error detail: G1 virtual space
# Possible reasons:
#   The system is out of physical RAM or swap space
#   This process is running with CompressedOops enabled, and the Java Heap may be blocking the growth of the native heap
# Possible solutions:
#   Reduce memory load on the system
#   Increase physical memory or swap space
#   Check if swap backing store is full
#   Decrease Java heap size (-Xmx/-Xms)
#   Decrease number of Java threads
#   Decrease Java thread stack sizes (-Xss)
#   Set larger code cache with -XX:ReservedCodeCacheSize=
#   JVM is running with Unscaled Compressed Oops mode in which the Java heap is
#     placed in the first 4GB address space. The Java Heap base address is the
#     maximum limit for the native heap growth. Please use -XX:HeapBaseMinAddress
#     to set the Java Heap base and to place the Java Heap above 4GB virtual address.
# This output file may be truncated or incomplete.
#
#  Out of Memory Error (os_windows.cpp:3618), pid=40368, tid=40096
#
# JRE version: OpenJDK Runtime Environment Temurin-17.0.16+8 (17.0.16+8) (build 17.0.16+8)
# Java VM: OpenJDK 64-Bit Server VM Temurin-17.0.16+8 (17.0.16+8, mixed mode, sharing, tiered, compressed oops, compressed class ptrs, g1 gc, windows-amd64)
# No core dump will be written. Minidumps are not enabled by default on client versions of Windows
#

---------------  S U M M A R Y ------------

Command Line: org.languagetool.server.HTTPServer -p 8083

Host: AMD Ryzen 5 3500U with Radeon Vega Mobile Gfx  , 8 cores, 5G,  Windows 11 , 64 bit Build 22621 (10.0.22621.5415)
Time: Wed Oct  8 01:58:06 2025 India Standard Time elapsed time: 4.887818 seconds (0d 0h 0m 4s)

---------------  T H R E A D  ---------------

Current thread (0x000002463051f510):  VMThread "VM Thread" [stack: 0x0000008827200000,0x0000008827300000] [id=40096]

Stack: [0x0000008827200000,0x0000008827300000]
Native frames: (J=compiled Java code, j=interpreted, Vv=VM code, C=native code)
V  [jvm.dll+0x683169]
V  [jvm.dll+0x839ac8]
V  [jvm.dll+0x83b573]
V  [jvm.dll+0x83bbe3]
V  [jvm.dll+0x2473ff]
V  [jvm.dll+0x67ff49]
V  [jvm.dll+0x674e3a]
V  [jvm.dll+0x304ea6]
V  [jvm.dll+0x30c366]
V  [jvm.dll+0x35deee]
V  [jvm.dll+0x35e12d]
V  [jvm.dll+0x2dc26c]
V  [jvm.dll+0x2da60f]
V  [jvm.dll+0x2d9d7c]
V  [jvm.dll+0x31d55b]
V  [jvm.dll+0x84041d]
V  [jvm.dll+0x841153]
V  [jvm.dll+0x84167f]
V  [jvm.dll+0x841a64]
V  [jvm.dll+0x841b2e]
V  [jvm.dll+0x7e979c]
V  [jvm.dll+0x682047]
C  [ucrtbase.dll+0x29333]
C  [KERNEL32.DLL+0x1259d]
C  [ntdll.dll+0x5af78]

VM_Operation (0x0000008826cfd090): G1CollectForAllocation, mode: safepoint, requested by thread 0x00000246133ffd00


---------------  P R O C E S S  ---------------

Threads class SMR info:
_java_thread_list=0x000002467718f770, length=16, elements={
0x00000246133ffd00, 0x0000024630524fc0, 0x0000024630525a50, 0x000002463053c3c0,
0x000002463053e9b0, 0x000002463053ef80, 0x000002463053f550, 0x0000024630544d80,
0x0000024630548b20, 0x0000024630586af0, 0x00000246307afef0, 0x00000246307b5c70,
0x00000246768e2bb0, 0x0000024676a35d00, 0x0000024676981a10, 0x000002467695fa90
}

Java Threads: ( => current thread )
  0x00000246133ffd00 JavaThread "main" [_thread_blocked, id=35288, stack(0x0000008826c00000,0x0000008826d00000)]
  0x0000024630524fc0 JavaThread "Reference Handler" daemon [_thread_blocked, id=35248, stack(0x0000008827300000,0x0000008827400000)]
  0x0000024630525a50 JavaThread "Finalizer" daemon [_thread_blocked, id=32496, stack(0x0000008827400000,0x0000008827500000)]
  0x000002463053c3c0 JavaThread "Signal Dispatcher" daemon [_thread_blocked, id=28288, stack(0x0000008827500000,0x0000008827600000)]
  0x000002463053e9b0 JavaThread "Attach Listener" daemon [_thread_blocked, id=39080, stack(0x0000008827600000,0x0000008827700000)]
  0x000002463053ef80 JavaThread "Service Thread" daemon [_thread_blocked, id=40116, stack(0x0000008827700000,0x0000008827800000)]
  0x000002463053f550 JavaThread "Monitor Deflation Thread" daemon [_thread_blocked, id=39988, stack(0x0000008827800000,0x0000008827900000)]
  0x0000024630544d80 JavaThread "C2 CompilerThread0" daemon [_thread_blocked, id=33492, stack(0x0000008827900000,0x0000008827a00000)]
  0x0000024630548b20 JavaThread "C1 CompilerThread0" daemon [_thread_blocked, id=40016, stack(0x0000008827a00000,0x0000008827b00000)]
  0x0000024630586af0 JavaThread "Sweeper thread" daemon [_thread_blocked, id=38604, stack(0x0000008827b00000,0x0000008827c00000)]
  0x00000246307afef0 JavaThread "Notification Thread" daemon [_thread_blocked, id=39120, stack(0x0000008827c00000,0x0000008827d00000)]
  0x00000246307b5c70 JavaThread "Common-Cleaner" daemon [_thread_blocked, id=40032, stack(0x0000008827e00000,0x0000008827f00000)]
  0x00000246768e2bb0 JavaThread "LtThreadPoolMonitor" daemon [_thread_blocked, id=40412, stack(0x0000008828000000,0x0000008828100000)]
  0x0000024676a35d00 JavaThread "LtThreadPoolExecutorMonitor" daemon [_thread_blocked, id=40416, stack(0x0000008828100000,0x0000008828200000)]
  0x0000024676981a10 JavaThread "C2 CompilerThread1" daemon [_thread_blocked, id=34524, stack(0x0000008827f00000,0x0000008828000000)]
  0x000002467695fa90 JavaThread "C2 CompilerThread2" daemon [_thread_blocked, id=39684, stack(0x0000008828b00000,0x0000008828c00000)]

Other Threads:
=>0x000002463051f510 VMThread "VM Thread" [stack: 0x0000008827200000,0x0000008827300000] [id=40096]
  0x00000246307b5000 WatcherThread [stack: 0x0000008827d00000,0x0000008827e00000] [id=22248]
  0x0000024613454c60 GCTaskThread "GC Thread#0" [stack: 0x0000008826d00000,0x0000008826e00000] [id=31696]
  0x00000246768e3090 GCTaskThread "GC Thread#1" [stack: 0x0000008828200000,0x0000008828300000] [id=33536]
  0x0000024676f0f570 GCTaskThread "GC Thread#2" [stack: 0x0000008828300000,0x0000008828400000] [id=32668]
  0x00000246768de860 GCTaskThread "GC Thread#3" [stack: 0x0000008828400000,0x0000008828500000] [id=35384]
  0x0000024676ad9300 GCTaskThread "GC Thread#4" [stack: 0x0000008828500000,0x0000008828600000] [id=39876]
  0x0000024676ad95c0 GCTaskThread "GC Thread#5" [stack: 0x0000008828600000,0x0000008828700000] [id=39692]
  0x0000024676ad9880 GCTaskThread "GC Thread#6" [stack: 0x0000008828700000,0x0000008828800000] [id=33976]
  0x0000024676adbb50 GCTaskThread "GC Thread#7" [stack: 0x0000008828800000,0x0000008828900000] [id=21616]
  0x0000024613461a30 ConcurrentGCThread "G1 Main Marker" [stack: 0x0000008826e00000,0x0000008826f00000] [id=39968]
  0x0000024613462450 ConcurrentGCThread "G1 Conc#0" [stack: 0x0000008826f00000,0x0000008827000000] [id=36480]
  0x00000246134a4150 ConcurrentGCThread "G1 Refine#0" [stack: 0x0000008827000000,0x0000008827100000] [id=40112]
  0x000002467685a8a0 ConcurrentGCThread "G1 Refine#1" [stack: 0x0000008828900000,0x0000008828a00000] [id=39072]
  0x000002467685ab90 ConcurrentGCThread "G1 Refine#2" [stack: 0x0000008828a00000,0x0000008828b00000] [id=39600]
  0x0000024677370a50 ConcurrentGCThread "G1 Refine#3" [stack: 0x0000008828c00000,0x0000008828d00000] [id=32952]
  0x0000024677370430 ConcurrentGCThread "G1 Refine#4" [stack: 0x0000008828d00000,0x0000008828e00000] [id=39708]
  0x0000024676fcd860 ConcurrentGCThread "G1 Refine#5" [stack: 0x0000008828e00000,0x0000008828f00000] [id=33628]
  0x000002467735f720 ConcurrentGCThread "G1 Refine#6" [stack: 0x0000008828f00000,0x0000008829000000] [id=31820]
  0x0000024676fc83f0 ConcurrentGCThread "G1 Refine#7" [stack: 0x0000008829000000,0x0000008829100000] [id=34324]
  0x00000246134a67a0 ConcurrentGCThread "G1 Service" [stack: 0x0000008827100000,0x0000008827200000] [id=40192]

Threads with active compile tasks:
C2 CompilerThread0     5505 1722       4       java.util.regex.Pattern$CharPropertyGreedy::match (160 bytes)

VM state: at safepoint (normal execution)

VM Mutex/Monitor currently owned by a thread:  ([mutex/lock_event])
[0x00000246133fae10] Threads_lock - owner thread: 0x000002463051f510
[0x00000246133fa750] Heap_lock - owner thread: 0x00000246133ffd00

Heap address: 0x00000000a0c00000, size: 1524 MB, Compressed Oops mode: 32-bit

CDS archive(s) mapped at: [0x0000024631000000-0x0000024631bb0000-0x0000024631bb0000), size 12255232, SharedBaseAddress: 0x0000024631000000, ArchiveRelocationMode: 1.
Compressed class space mapped at: 0x0000024632000000-0x0000024672000000, reserved size: 1073741824
Narrow klass base: 0x0000024631000000, Narrow klass shift: 0, Narrow klass range: 0x100000000

GC Precious Log:
 CPUs: 8 total, 8 available
 Memory: 6091M
 Large Page Support: Disabled
 NUMA Support: Disabled
 Compressed Oops: Enabled (32-bit)
 Heap Region Size: 1M
 Heap Min Capacity: 8M
 Heap Initial Capacity: 96M
 Heap Max Capacity: 1524M
 Pre-touch: Disabled
 Parallel Workers: 8
 Concurrent Workers: 2
 Concurrent Refinement Workers: 8
 Periodic GC: Disabled

Heap:
 garbage-first heap   total 196608K, used 50439K [0x00000000a0c00000, 0x0000000100000000)
  region size 1024K, 10 young (10240K), 10 survivors (10240K)
 Metaspace       used 9821K, committed 9984K, reserved 1114112K
  class space    used 1138K, committed 1216K, reserved 1048576K

Heap Regions: E=young(eden), S=young(survivor), O=old, HS=humongous(starts), HC=humongous(continues), CS=collection set, F=free, OA=open archive, CA=closed archive, TAMS=top-at-mark-start (previous, next)
|   0|0x00000000a0c00000, 0x00000000a0d00000, 0x00000000a0d00000|100%| O|  |TAMS 0x00000000a0c00000, 0x00000000a0c00000| Untracked 
|   1|0x00000000a0d00000, 0x00000000a0e00000, 0x00000000a0e00000|100%| O|  |TAMS 0x00000000a0d00000, 0x00000000a0d00000| Untracked 
|   2|0x00000000a0e00000, 0x00000000a0f00000, 0x00000000a0f00000|100%| O|  |TAMS 0x00000000a0e00000, 0x00000000a0e00000| Untracked 
|   3|0x00000000a0f00000, 0x00000000a1000000, 0x00000000a1000000|100%| O|  |TAMS 0x00000000a0f00000, 0x00000000a0f00000| Untracked 
|   4|0x00000000a1000000, 0x00000000a1100000, 0x00000000a1100000|100%| O|  |TAMS 0x00000000a1000000, 0x00000000a1000000| Untracked 
|   5|0x00000000a1100000, 0x00000000a1200000, 0x00000000a1200000|100%| O|  |TAMS 0x00000000a1100000, 0x00000000a1100000| Untracked 
|   6|0x00000000a1200000, 0x00000000a1300000, 0x00000000a1300000|100%| O|  |TAMS 0x00000000a1200000, 0x00000000a1200000| Untracked 
|   7|0x00000000a1300000, 0x00000000a1400000, 0x00000000a1400000|100%| O|  |TAMS 0x00000000a1300000, 0x00000000a1300000| Untracked 
|   8|0x00000000a1400000, 0x00000000a1500000, 0x00000000a1500000|100%|HS|  |TAMS 0x00000000a1400000, 0x00000000a1400000| Complete 
|   9|0x00000000a1500000, 0x00000000a1600000, 0x00000000a1600000|100%| O|  |TAMS 0x00000000a1500000, 0x00000000a1500000| Untracked 
|  10|0x00000000a1600000, 0x00000000a1700000, 0x00000000a1700000|100%| O|  |TAMS 0x00000000a1600000, 0x00000000a1600000| Untracked 
|  11|0x00000000a1700000, 0x00000000a1800000, 0x00000000a1800000|100%| O|  |TAMS 0x00000000a1700000, 0x00000000a1700000| Untracked 
|  12|0x00000000a1800000, 0x00000000a1900000, 0x00000000a1900000|100%| O|  |TAMS 0x00000000a1800000, 0x00000000a1800000| Untracked 
|  13|0x00000000a1900000, 0x00000000a1a00000, 0x00000000a1a00000|100%| O|  |TAMS 0x00000000a1900000, 0x00000000a1900000| Untracked 
|  14|0x00000000a1a00000, 0x00000000a1b00000, 0x00000000a1b00000|100%| O|  |TAMS 0x00000000a1a00000, 0x00000000a1a00000| Untracked 
|  15|0x00000000a1b00000, 0x00000000a1c00000, 0x00000000a1c00000|100%| O|  |TAMS 0x00000000a1b00000, 0x00000000a1b00000| Untracked 
|  16|0x00000000a1c00000, 0x00000000a1d00000, 0x00000000a1d00000|100%|HS|  |TAMS 0x00000000a1c00000, 0x00000000a1c00000| Complete 
|  17|0x00000000a1d00000, 0x00000000a1e00000, 0x00000000a1e00000|100%|HC|  |TAMS 0x00000000a1d00000, 0x00000000a1d00000| Complete 
|  18|0x00000000a1e00000, 0x00000000a1f00000, 0x00000000a1f00000|100%| O|  |TAMS 0x00000000a1e00000, 0x00000000a1e00000| Untracked 
|  19|0x00000000a1f00000, 0x00000000a2000000, 0x00000000a2000000|100%| O|  |TAMS 0x00000000a1f00000, 0x00000000a1f00000| Untracked 
|  20|0x00000000a2000000, 0x00000000a2100000, 0x00000000a2100000|100%| O|  |TAMS 0x00000000a2000000, 0x00000000a2000000| Untracked 
|  21|0x00000000a2100000, 0x00000000a2200000, 0x00000000a2200000|100%| O|  |TAMS 0x00000000a2100000, 0x00000000a2100000| Untracked 
|  22|0x00000000a2200000, 0x00000000a2300000, 0x00000000a2300000|100%| O|  |TAMS 0x00000000a2200000, 0x00000000a2200000| Untracked 
|  23|0x00000000a2300000, 0x00000000a2400000, 0x00000000a2400000|100%| O|  |TAMS 0x00000000a2300000, 0x00000000a2300000| Untracked 
|  24|0x00000000a2400000, 0x00000000a2500000, 0x00000000a2500000|100%| O|  |TAMS 0x00000000a2400000, 0x00000000a2400000| Untracked 
|  25|0x00000000a2500000, 0x00000000a2600000, 0x00000000a2600000|100%| O|  |TAMS 0x00000000a2500000, 0x00000000a2500000| Untracked 
|  26|0x00000000a2600000, 0x00000000a2700000, 0x00000000a2700000|100%| O|  |TAMS 0x00000000a2600000, 0x00000000a2600000| Untracked 
|  27|0x00000000a2700000, 0x00000000a2800000, 0x00000000a2800000|100%| O|  |TAMS 0x00000000a2700000, 0x00000000a2700000| Untracked 
|  28|0x00000000a2800000, 0x00000000a2900000, 0x00000000a2900000|100%| O|  |TAMS 0x00000000a2800000, 0x00000000a2800000| Untracked 
|  29|0x00000000a2900000, 0x00000000a2a00000, 0x00000000a2a00000|100%|HS|  |TAMS 0x00000000a2900000, 0x00000000a2900000| Complete 
|  30|0x00000000a2a00000, 0x00000000a2b00000, 0x00000000a2b00000|100%|HC|  |TAMS 0x00000000a2a00000, 0x00000000a2a00000| Complete 
|  31|0x00000000a2b00000, 0x00000000a2c00000, 0x00000000a2c00000|100%|HC|  |TAMS 0x00000000a2b00000, 0x00000000a2b00000| Complete 
|  32|0x00000000a2c00000, 0x00000000a2d00000, 0x00000000a2d00000|100%| O|  |TAMS 0x00000000a2c00000, 0x00000000a2c00000| Untracked 
|  33|0x00000000a2d00000, 0x00000000a2e00000, 0x00000000a2e00000|100%| O|  |TAMS 0x00000000a2d00000, 0x00000000a2d00000| Untracked 
|  34|0x00000000a2e00000, 0x00000000a2f00000, 0x00000000a2f00000|100%| O|  |TAMS 0x00000000a2e00000, 0x00000000a2e00000| Untracked 
|  35|0x00000000a2f00000, 0x00000000a3000000, 0x00000000a3000000|100%| O|  |TAMS 0x00000000a2f00000, 0x00000000a2f00000| Untracked 
|  36|0x00000000a3000000, 0x00000000a3100000, 0x00000000a3100000|100%| O|  |TAMS 0x00000000a3000000, 0x00000000a3000000| Untracked 
|  37|0x00000000a3100000, 0x00000000a3200000, 0x00000000a3200000|100%| O|  |TAMS 0x00000000a3100000, 0x00000000a3100000| Untracked 
|  38|0x00000000a3200000, 0x00000000a3300000, 0x00000000a3300000|100%| O|  |TAMS 0x00000000a3200000, 0x00000000a3200000| Untracked 
|  39|0x00000000a3300000, 0x00000000a3341c00, 0x00000000a3400000| 25%| O|  |TAMS 0x00000000a3300000, 0x00000000a3300000| Untracked 
|  40|0x00000000a3400000, 0x00000000a3400000, 0x00000000a3500000|  0%| F|  |TAMS 0x00000000a3400000, 0x00000000a3400000| Untracked 
|  41|0x00000000a3500000, 0x00000000a3500000, 0x00000000a3600000|  0%| F|  |TAMS 0x00000000a3500000, 0x00000000a3500000| Untracked 
|  42|0x00000000a3600000, 0x00000000a3600000, 0x00000000a3700000|  0%| F|  |TAMS 0x00000000a3600000, 0x00000000a3600000| Untracked 
|  43|0x00000000a3700000, 0x00000000a3700000, 0x00000000a3800000|  0%| F|  |TAMS 0x00000000a3700000, 0x00000000a3700000| Untracked 
|  44|0x00000000a3800000, 0x00000000a3800000, 0x00000000a3900000|  0%| F|  |TAMS 0x00000000a3800000, 0x00000000a3800000| Untracked 
|  45|0x00000000a3900000, 0x00000000a3900000, 0x00000000a3a00000|  0%| F|  |TAMS 0x00000000a3900000, 0x00000000a3900000| Untracked 
|  46|0x00000000a3a00000, 0x00000000a3a00000, 0x00000000a3b00000|  0%| F|  |TAMS 0x00000000a3a00000, 0x00000000a3a00000| Untracked 
|  47|0x00000000a3b00000, 0x00000000a3b00000, 0x00000000a3c00000|  0%| F|  |TAMS 0x00000000a3b00000, 0x00000000a3b00000| Untracked 
|  48|0x00000000a3c00000, 0x00000000a3c00000, 0x00000000a3d00000|  0%| F|  |TAMS 0x00000000a3c00000, 0x00000000a3c00000| Untracked 
|  49|0x00000000a3d00000, 0x00000000a3d00000, 0x00000000a3e00000|  0%| F|  |TAMS 0x00000000a3d00000, 0x00000000a3d00000| Untracked 
|  50|0x00000000a3e00000, 0x00000000a3e00000, 0x00000000a3f00000|  0%| F|  |TAMS 0x00000000a3e00000, 0x00000000a3e00000| Untracked 
|  51|0x00000000a3f00000, 0x00000000a3f00000, 0x00000000a4000000|  0%| F|  |TAMS 0x00000000a3f00000, 0x00000000a3f00000| Untracked 
|  52|0x00000000a4000000, 0x00000000a4000000, 0x00000000a4100000|  0%| F|  |TAMS 0x00000000a4000000, 0x00000000a4000000| Untracked 
|  53|0x00000000a4100000, 0x00000000a4100000, 0x00000000a4200000|  0%| F|  |TAMS 0x00000000a4100000, 0x00000000a4100000| Untracked 
|  54|0x00000000a4200000, 0x00000000a4200000, 0x00000000a4300000|  0%| F|  |TAMS 0x00000000a4200000, 0x00000000a4200000| Untracked 
|  55|0x00000000a4300000, 0x00000000a4300000, 0x00000000a4400000|  0%| F|  |TAMS 0x00000000a4300000, 0x00000000a4300000| Untracked 
|  56|0x00000000a4400000, 0x00000000a4400000, 0x00000000a4500000|  0%| F|  |TAMS 0x00000000a4400000, 0x00000000a4400000| Untracked 
|  57|0x00000000a4500000, 0x00000000a4500000, 0x00000000a4600000|  0%| F|  |TAMS 0x00000000a4500000, 0x00000000a4500000| Untracked 
|  58|0x00000000a4600000, 0x00000000a4600000, 0x00000000a4700000|  0%| F|  |TAMS 0x00000000a4600000, 0x00000000a4600000| Untracked 
|  59|0x00000000a4700000, 0x00000000a4700000, 0x00000000a4800000|  0%| F|  |TAMS 0x00000000a4700000, 0x00000000a4700000| Untracked 
|  60|0x00000000a4800000, 0x00000000a4800000, 0x00000000a4900000|  0%| F|  |TAMS 0x00000000a4800000, 0x00000000a4800000| Untracked 
|  61|0x00000000a4900000, 0x00000000a4900000, 0x00000000a4a00000|  0%| F|  |TAMS 0x00000000a4900000, 0x00000000a4900000| Untracked 
|  62|0x00000000a4a00000, 0x00000000a4a00000, 0x00000000a4b00000|  0%| F|  |TAMS 0x00000000a4a00000, 0x00000000a4a00000| Untracked 
|  63|0x00000000a4b00000, 0x00000000a4b00000, 0x00000000a4c00000|  0%| F|  |TAMS 0x00000000a4b00000, 0x00000000a4b00000| Untracked 
|  64|0x00000000a4c00000, 0x00000000a4c00000, 0x00000000a4d00000|  0%| F|  |TAMS 0x00000000a4c00000, 0x00000000a4c00000| Untracked 
|  65|0x00000000a4d00000, 0x00000000a4d00000, 0x00000000a4e00000|  0%| F|  |TAMS 0x00000000a4d00000, 0x00000000a4d00000| Untracked 
|  66|0x00000000a4e00000, 0x00000000a4e00000, 0x00000000a4f00000|  0%| F|  |TAMS 0x00000000a4e00000, 0x00000000a4e00000| Untracked 
|  67|0x00000000a4f00000, 0x00000000a5000000, 0x00000000a5000000|100%| S|CS|TAMS 0x00000000a4f00000, 0x00000000a4f00000| Complete 
|  68|0x00000000a5000000, 0x00000000a5100000, 0x00000000a5100000|100%| S|CS|TAMS 0x00000000a5000000, 0x00000000a5000000| Complete 
|  69|0x00000000a5100000, 0x00000000a5200000, 0x00000000a5200000|100%| S|CS|TAMS 0x00000000a5100000, 0x00000000a5100000| Complete 
|  70|0x00000000a5200000, 0x00000000a5300000, 0x00000000a5300000|100%| S|CS|TAMS 0x00000000a5200000, 0x00000000a5200000| Complete 
|  71|0x00000000a5300000, 0x00000000a5400000, 0x00000000a5400000|100%| S|CS|TAMS 0x00000000a5300000, 0x00000000a5300000| Complete 
|  72|0x00000000a5400000, 0x00000000a5400000, 0x00000000a5500000|  0%| F|  |TAMS 0x00000000a5400000, 0x00000000a5400000| Untracked 
|  73|0x00000000a5500000, 0x00000000a5500000, 0x00000000a5600000|  0%| F|  |TAMS 0x00000000a5500000, 0x00000000a5500000| Untracked 
|  74|0x00000000a5600000, 0x00000000a5600000, 0x00000000a5700000|  0%| F|  |TAMS 0x00000000a5600000, 0x00000000a5600000| Untracked 
|  75|0x00000000a5700000, 0x00000000a5700000, 0x00000000a5800000|  0%| F|  |TAMS 0x00000000a5700000, 0x00000000a5700000| Untracked 
|  76|0x00000000a5800000, 0x00000000a5800000, 0x00000000a5900000|  0%| F|  |TAMS 0x00000000a5800000, 0x00000000a5800000| Untracked 
|  77|0x00000000a5900000, 0x00000000a5900000, 0x00000000a5a00000|  0%| F|  |TAMS 0x00000000a5900000, 0x00000000a5900000| Untracked 
|  78|0x00000000a5a00000, 0x00000000a5a00000, 0x00000000a5b00000|  0%| F|  |TAMS 0x00000000a5a00000, 0x00000000a5a00000| Untracked 
|  79|0x00000000a5b00000, 0x00000000a5b00000, 0x00000000a5c00000|  0%| F|  |TAMS 0x00000000a5b00000, 0x00000000a5b00000| Untracked 
|  80|0x00000000a5c00000, 0x00000000a5c00000, 0x00000000a5d00000|  0%| F|  |TAMS 0x00000000a5c00000, 0x00000000a5c00000| Untracked 
|  81|0x00000000a5d00000, 0x00000000a5d00000, 0x00000000a5e00000|  0%| F|  |TAMS 0x00000000a5d00000, 0x00000000a5d00000| Untracked 
|  82|0x00000000a5e00000, 0x00000000a5e00000, 0x00000000a5f00000|  0%| F|  |TAMS 0x00000000a5e00000, 0x00000000a5e00000| Untracked 
|  83|0x00000000a5f00000, 0x00000000a6000000, 0x00000000a6000000|100%| S|CS|TAMS 0x00000000a5f00000, 0x00000000a5f00000| Complete 
|  84|0x00000000a6000000, 0x00000000a6100000, 0x00000000a6100000|100%| S|CS|TAMS 0x00000000a6000000, 0x00000000a6000000| Complete 
|  85|0x00000000a6100000, 0x00000000a6200000, 0x00000000a6200000|100%| S|CS|TAMS 0x00000000a6100000, 0x00000000a6100000| Complete 
|  86|0x00000000a6200000, 0x00000000a6300000, 0x00000000a6300000|100%| S|CS|TAMS 0x00000000a6200000, 0x00000000a6200000| Complete 
|  87|0x00000000a6300000, 0x00000000a6400000, 0x00000000a6400000|100%| S|CS|TAMS 0x00000000a6300000, 0x00000000a6300000| Complete 
|  88|0x00000000a6400000, 0x00000000a6400000, 0x00000000a6500000|  0%| F|  |TAMS 0x00000000a6400000, 0x00000000a6400000| Untracked 
|  89|0x00000000a6500000, 0x00000000a6500000, 0x00000000a6600000|  0%| F|  |TAMS 0x00000000a6500000, 0x00000000a6500000| Untracked 
|  90|0x00000000a6600000, 0x00000000a6600000, 0x00000000a6700000|  0%| F|  |TAMS 0x00000000a6600000, 0x00000000a6600000| Untracked 
|  91|0x00000000a6700000, 0x00000000a6700000, 0x00000000a6800000|  0%| F|  |TAMS 0x00000000a6700000, 0x00000000a6700000| Untracked 
|  92|0x00000000a6800000, 0x00000000a6800000, 0x00000000a6900000|  0%| F|  |TAMS 0x00000000a6800000, 0x00000000a6800000| Untracked 
|  93|0x00000000a6900000, 0x00000000a6900000, 0x00000000a6a00000|  0%| F|  |TAMS 0x00000000a6900000, 0x00000000a6900000| Untracked 
|  94|0x00000000a6a00000, 0x00000000a6a00000, 0x00000000a6b00000|  0%| F|  |TAMS 0x00000000a6a00000, 0x00000000a6a00000| Untracked 
|  95|0x00000000a6b00000, 0x00000000a6b00000, 0x00000000a6c00000|  0%| F|  |TAMS 0x00000000a6b00000, 0x00000000a6b00000| Untracked 
|  96|0x00000000a6c00000, 0x00000000a6c00000, 0x00000000a6d00000|  0%| F|  |TAMS 0x00000000a6c00000, 0x00000000a6c00000| Untracked 
|  97|0x00000000a6d00000, 0x00000000a6d00000, 0x00000000a6e00000|  0%| F|  |TAMS 0x00000000a6d00000, 0x00000000a6d00000| Untracked 
|  98|0x00000000a6e00000, 0x00000000a6e00000, 0x00000000a6f00000|  0%| F|  |TAMS 0x00000000a6e00000, 0x00000000a6e00000| Untracked 
|  99|0x00000000a6f00000, 0x00000000a6f00000, 0x00000000a7000000|  0%| F|  |TAMS 0x00000000a6f00000, 0x00000000a6f00000| Untracked 
| 100|0x00000000a7000000, 0x00000000a7000000, 0x00000000a7100000|  0%| F|  |TAMS 0x00000000a7000000, 0x00000000a7000000| Untracked 
| 101|0x00000000a7100000, 0x00000000a7100000, 0x00000000a7200000|  0%| F|  |TAMS 0x00000000a7100000, 0x00000000a7100000| Untracked 
| 102|0x00000000a7200000, 0x00000000a7200000, 0x00000000a7300000|  0%| F|  |TAMS 0x00000000a7200000, 0x00000000a7200000| Untracked 
| 103|0x00000000a7300000, 0x00000000a7300000, 0x00000000a7400000|  0%| F|  |TAMS 0x00000000a7300000, 0x00000000a7300000| Untracked 
| 104|0x00000000a7400000, 0x00000000a7400000, 0x00000000a7500000|  0%| F|  |TAMS 0x00000000a7400000, 0x00000000a7400000| Untracked 
| 105|0x00000000a7500000, 0x00000000a7500000, 0x00000000a7600000|  0%| F|  |TAMS 0x00000000a7500000, 0x00000000a7500000| Untracked 
| 106|0x00000000a7600000, 0x00000000a7600000, 0x00000000a7700000|  0%| F|  |TAMS 0x00000000a7600000, 0x00000000a7600000| Untracked 
| 107|0x00000000a7700000, 0x00000000a7700000, 0x00000000a7800000|  0%| F|  |TAMS 0x00000000a7700000, 0x00000000a7700000| Untracked 
| 108|0x00000000a7800000, 0x00000000a7800000, 0x00000000a7900000|  0%| F|  |TAMS 0x00000000a7800000, 0x00000000a7800000| Untracked 
| 109|0x00000000a7900000, 0x00000000a7900000, 0x00000000a7a00000|  0%| F|  |TAMS 0x00000000a7900000, 0x00000000a7900000| Untracked 
| 110|0x00000000a7a00000, 0x00000000a7a00000, 0x00000000a7b00000|  0%| F|  |TAMS 0x00000000a7a00000, 0x00000000a7a00000| Untracked 
| 111|0x00000000a7b00000, 0x00000000a7b00000, 0x00000000a7c00000|  0%| F|  |TAMS 0x00000000a7b00000, 0x00000000a7b00000| Untracked 
| 112|0x00000000a7c00000, 0x00000000a7c00000, 0x00000000a7d00000|  0%| F|  |TAMS 0x00000000a7c00000, 0x00000000a7c00000| Untracked 
| 113|0x00000000a7d00000, 0x00000000a7d00000, 0x00000000a7e00000|  0%| F|  |TAMS 0x00000000a7d00000, 0x00000000a7d00000| Untracked 
| 114|0x00000000a7e00000, 0x00000000a7e00000, 0x00000000a7f00000|  0%| F|  |TAMS 0x00000000a7e00000, 0x00000000a7e00000| Untracked 
| 115|0x00000000a7f00000, 0x00000000a7f00000, 0x00000000a8000000|  0%| F|  |TAMS 0x00000000a7f00000, 0x00000000a7f00000| Untracked 
| 116|0x00000000a8000000, 0x00000000a8000000, 0x00000000a8100000|  0%| F|  |TAMS 0x00000000a8000000, 0x00000000a8000000| Untracked 
| 117|0x00000000a8100000, 0x00000000a8100000, 0x00000000a8200000|  0%| F|  |TAMS 0x00000000a8100000, 0x00000000a8100000| Untracked 
| 118|0x00000000a8200000, 0x00000000a8200000, 0x00000000a8300000|  0%| F|  |TAMS 0x00000000a8200000, 0x00000000a8200000| Untracked 
| 119|0x00000000a8300000, 0x00000000a8300000, 0x00000000a8400000|  0%| F|  |TAMS 0x00000000a8300000, 0x00000000a8300000| Untracked 
| 120|0x00000000a8400000, 0x00000000a8400000, 0x00000000a8500000|  0%| F|  |TAMS 0x00000000a8400000, 0x00000000a8400000| Untracked 
| 121|0x00000000a8500000, 0x00000000a8500000, 0x00000000a8600000|  0%| F|  |TAMS 0x00000000a8500000, 0x00000000a8500000| Untracked 
| 122|0x00000000a8600000, 0x00000000a8600000, 0x00000000a8700000|  0%| F|  |TAMS 0x00000000a8600000, 0x00000000a8600000| Untracked 
| 123|0x00000000a8700000, 0x00000000a8700000, 0x00000000a8800000|  0%| F|  |TAMS 0x00000000a8700000, 0x00000000a8700000| Untracked 
| 124|0x00000000a8800000, 0x00000000a8800000, 0x00000000a8900000|  0%| F|  |TAMS 0x00000000a8800000, 0x00000000a8800000| Untracked 
| 125|0x00000000a8900000, 0x00000000a8900000, 0x00000000a8a00000|  0%| F|  |TAMS 0x00000000a8900000, 0x00000000a8900000| Untracked 
| 126|0x00000000a8a00000, 0x00000000a8a00000, 0x00000000a8b00000|  0%| F|  |TAMS 0x00000000a8a00000, 0x00000000a8a00000| Untracked 
| 127|0x00000000a8b00000, 0x00000000a8b00000, 0x00000000a8c00000|  0%| F|  |TAMS 0x00000000a8b00000, 0x00000000a8b00000| Untracked 
| 128|0x00000000a8c00000, 0x00000000a8c00000, 0x00000000a8d00000|  0%| F|  |TAMS 0x00000000a8c00000, 0x00000000a8c00000| Untracked 
| 129|0x00000000a8d00000, 0x00000000a8d00000, 0x00000000a8e00000|  0%| F|  |TAMS 0x00000000a8d00000, 0x00000000a8d00000| Untracked 
| 130|0x00000000a8e00000, 0x00000000a8e00000, 0x00000000a8f00000|  0%| F|  |TAMS 0x00000000a8e00000, 0x00000000a8e00000| Untracked 
| 131|0x00000000a8f00000, 0x00000000a8f00000, 0x00000000a9000000|  0%| F|  |TAMS 0x00000000a8f00000, 0x00000000a8f00000| Untracked 
| 132|0x00000000a9000000, 0x00000000a9000000, 0x00000000a9100000|  0%| F|  |TAMS 0x00000000a9000000, 0x00000000a9000000| Untracked 
| 133|0x00000000a9100000, 0x00000000a9100000, 0x00000000a9200000|  0%| F|  |TAMS 0x00000000a9100000, 0x00000000a9100000| Untracked 
| 134|0x00000000a9200000, 0x00000000a9200000, 0x00000000a9300000|  0%| F|  |TAMS 0x00000000a9200000, 0x00000000a9200000| Untracked 
| 135|0x00000000a9300000, 0x00000000a9300000, 0x00000000a9400000|  0%| F|  |TAMS 0x00000000a9300000, 0x00000000a9300000| Untracked 
| 136|0x00000000a9400000, 0x00000000a9400000, 0x00000000a9500000|  0%| F|  |TAMS 0x00000000a9400000, 0x00000000a9400000| Untracked 
| 137|0x00000000a9500000, 0x00000000a9500000, 0x00000000a9600000|  0%| F|  |TAMS 0x00000000a9500000, 0x00000000a9500000| Untracked 
| 138|0x00000000a9600000, 0x00000000a9600000, 0x00000000a9700000|  0%| F|  |TAMS 0x00000000a9600000, 0x00000000a9600000| Untracked 
| 139|0x00000000a9700000, 0x00000000a9700000, 0x00000000a9800000|  0%| F|  |TAMS 0x00000000a9700000, 0x00000000a9700000| Untracked 
| 140|0x00000000a9800000, 0x00000000a9800000, 0x00000000a9900000|  0%| F|  |TAMS 0x00000000a9800000, 0x00000000a9800000| Untracked 
| 141|0x00000000a9900000, 0x00000000a9900000, 0x00000000a9a00000|  0%| F|  |TAMS 0x00000000a9900000, 0x00000000a9900000| Untracked 
| 142|0x00000000a9a00000, 0x00000000a9a00000, 0x00000000a9b00000|  0%| F|  |TAMS 0x00000000a9a00000, 0x00000000a9a00000| Untracked 
| 143|0x00000000a9b00000, 0x00000000a9b00000, 0x00000000a9c00000|  0%| F|  |TAMS 0x00000000a9b00000, 0x00000000a9b00000| Untracked 
| 144|0x00000000a9c00000, 0x00000000a9c00000, 0x00000000a9d00000|  0%| F|  |TAMS 0x00000000a9c00000, 0x00000000a9c00000| Untracked 
| 145|0x00000000a9d00000, 0x00000000a9d00000, 0x00000000a9e00000|  0%| F|  |TAMS 0x00000000a9d00000, 0x00000000a9d00000| Untracked 
| 146|0x00000000a9e00000, 0x00000000a9e00000, 0x00000000a9f00000|  0%| F|  |TAMS 0x00000000a9e00000, 0x00000000a9e00000| Untracked 
| 147|0x00000000a9f00000, 0x00000000a9f00000, 0x00000000aa000000|  0%| F|  |TAMS 0x00000000a9f00000, 0x00000000a9f00000| Untracked 
| 148|0x00000000aa000000, 0x00000000aa000000, 0x00000000aa100000|  0%| F|  |TAMS 0x00000000aa000000, 0x00000000aa000000| Untracked 
| 149|0x00000000aa100000, 0x00000000aa100000, 0x00000000aa200000|  0%| F|  |TAMS 0x00000000aa100000, 0x00000000aa100000| Untracked 
| 150|0x00000000aa200000, 0x00000000aa200000, 0x00000000aa300000|  0%| F|  |TAMS 0x00000000aa200000, 0x00000000aa200000| Untracked 
| 151|0x00000000aa300000, 0x00000000aa300000, 0x00000000aa400000|  0%| F|  |TAMS 0x00000000aa300000, 0x00000000aa300000| Untracked 
| 152|0x00000000aa400000, 0x00000000aa400000, 0x00000000aa500000|  0%| F|  |TAMS 0x00000000aa400000, 0x00000000aa400000| Untracked 
| 153|0x00000000aa500000, 0x00000000aa500000, 0x00000000aa600000|  0%| F|  |TAMS 0x00000000aa500000, 0x00000000aa500000| Untracked 
| 154|0x00000000aa600000, 0x00000000aa600000, 0x00000000aa700000|  0%| F|  |TAMS 0x00000000aa600000, 0x00000000aa600000| Untracked 
| 155|0x00000000aa700000, 0x00000000aa700000, 0x00000000aa800000|  0%| F|  |TAMS 0x00000000aa700000, 0x00000000aa700000| Untracked 
| 156|0x00000000aa800000, 0x00000000aa800000, 0x00000000aa900000|  0%| F|  |TAMS 0x00000000aa800000, 0x00000000aa800000| Untracked 
| 157|0x00000000aa900000, 0x00000000aa900000, 0x00000000aaa00000|  0%| F|  |TAMS 0x00000000aa900000, 0x00000000aa900000| Untracked 
| 158|0x00000000aaa00000, 0x00000000aaa00000, 0x00000000aab00000|  0%| F|  |TAMS 0x00000000aaa00000, 0x00000000aaa00000| Untracked 
| 159|0x00000000aab00000, 0x00000000aab00000, 0x00000000aac00000|  0%| F|  |TAMS 0x00000000aab00000, 0x00000000aab00000| Untracked 
| 160|0x00000000aac00000, 0x00000000aac00000, 0x00000000aad00000|  0%| F|  |TAMS 0x00000000aac00000, 0x00000000aac00000| Untracked 
| 161|0x00000000aad00000, 0x00000000aad00000, 0x00000000aae00000|  0%| F|  |TAMS 0x00000000aad00000, 0x00000000aad00000| Untracked 
| 162|0x00000000aae00000, 0x00000000aae00000, 0x00000000aaf00000|  0%| F|  |TAMS 0x00000000aae00000, 0x00000000aae00000| Untracked 
| 163|0x00000000aaf00000, 0x00000000aaf00000, 0x00000000ab000000|  0%| F|  |TAMS 0x00000000aaf00000, 0x00000000aaf00000| Untracked 
| 164|0x00000000ab000000, 0x00000000ab000000, 0x00000000ab100000|  0%| F|  |TAMS 0x00000000ab000000, 0x00000000ab000000| Untracked 
| 165|0x00000000ab100000, 0x00000000ab100000, 0x00000000ab200000|  0%| F|  |TAMS 0x00000000ab100000, 0x00000000ab100000| Untracked 
| 166|0x00000000ab200000, 0x00000000ab200000, 0x00000000ab300000|  0%| F|  |TAMS 0x00000000ab200000, 0x00000000ab200000| Untracked 
| 167|0x00000000ab300000, 0x00000000ab300000, 0x00000000ab400000|  0%| F|  |TAMS 0x00000000ab300000, 0x00000000ab300000| Untracked 
| 168|0x00000000ab400000, 0x00000000ab400000, 0x00000000ab500000|  0%| F|  |TAMS 0x00000000ab400000, 0x00000000ab400000| Untracked 
| 169|0x00000000ab500000, 0x00000000ab500000, 0x00000000ab600000|  0%| F|  |TAMS 0x00000000ab500000, 0x00000000ab500000| Untracked 
| 170|0x00000000ab600000, 0x00000000ab600000, 0x00000000ab700000|  0%| F|  |TAMS 0x00000000ab600000, 0x00000000ab600000| Untracked 
| 171|0x00000000ab700000, 0x00000000ab700000, 0x00000000ab800000|  0%| F|  |TAMS 0x00000000ab700000, 0x00000000ab700000| Untracked 
| 172|0x00000000ab800000, 0x00000000ab800000, 0x00000000ab900000|  0%| F|  |TAMS 0x00000000ab800000, 0x00000000ab800000| Untracked 
| 173|0x00000000ab900000, 0x00000000ab900000, 0x00000000aba00000|  0%| F|  |TAMS 0x00000000ab900000, 0x00000000ab900000| Untracked 
| 174|0x00000000aba00000, 0x00000000aba00000, 0x00000000abb00000|  0%| F|  |TAMS 0x00000000aba00000, 0x00000000aba00000| Untracked 
| 175|0x00000000abb00000, 0x00000000abb00000, 0x00000000abc00000|  0%| F|  |TAMS 0x00000000abb00000, 0x00000000abb00000| Untracked 
| 176|0x00000000abc00000, 0x00000000abc00000, 0x00000000abd00000|  0%| F|  |TAMS 0x00000000abc00000, 0x00000000abc00000| Untracked 
| 177|0x00000000abd00000, 0x00000000abd00000, 0x00000000abe00000|  0%| F|  |TAMS 0x00000000abd00000, 0x00000000abd00000| Untracked 
| 178|0x00000000abe00000, 0x00000000abe00000, 0x00000000abf00000|  0%| F|  |TAMS 0x00000000abe00000, 0x00000000abe00000| Untracked 
| 179|0x00000000abf00000, 0x00000000abf00000, 0x00000000ac000000|  0%| F|  |TAMS 0x00000000abf00000, 0x00000000abf00000| Untracked 
| 180|0x00000000ac000000, 0x00000000ac000000, 0x00000000ac100000|  0%| F|  |TAMS 0x00000000ac000000, 0x00000000ac000000| Untracked 
| 181|0x00000000ac100000, 0x00000000ac100000, 0x00000000ac200000|  0%| F|  |TAMS 0x00000000ac100000, 0x00000000ac100000| Untracked 
| 182|0x00000000ac200000, 0x00000000ac200000, 0x00000000ac300000|  0%| F|  |TAMS 0x00000000ac200000, 0x00000000ac200000| Untracked 
| 183|0x00000000ac300000, 0x00000000ac300000, 0x00000000ac400000|  0%| F|  |TAMS 0x00000000ac300000, 0x00000000ac300000| Untracked 
| 184|0x00000000ac400000, 0x00000000ac400000, 0x00000000ac500000|  0%| F|  |TAMS 0x00000000ac400000, 0x00000000ac400000| Untracked 
| 185|0x00000000ac500000, 0x00000000ac500000, 0x00000000ac600000|  0%| F|  |TAMS 0x00000000ac500000, 0x00000000ac500000| Untracked 
| 186|0x00000000ac600000, 0x00000000ac600000, 0x00000000ac700000|  0%| F|  |TAMS 0x00000000ac600000, 0x00000000ac600000| Untracked 
| 187|0x00000000ac700000, 0x00000000ac700000, 0x00000000ac800000|  0%| F|  |TAMS 0x00000000ac700000, 0x00000000ac700000| Untracked 
| 188|0x00000000ac800000, 0x00000000ac800000, 0x00000000ac900000|  0%| F|  |TAMS 0x00000000ac800000, 0x00000000ac800000| Untracked 
| 189|0x00000000ac900000, 0x00000000ac900000, 0x00000000aca00000|  0%| F|  |TAMS 0x00000000ac900000, 0x00000000ac900000| Untracked 
| 190|0x00000000aca00000, 0x00000000aca00000, 0x00000000acb00000|  0%| F|  |TAMS 0x00000000aca00000, 0x00000000aca00000| Untracked 
| 191|0x00000000acb00000, 0x00000000acb00000, 0x00000000acc00000|  0%| F|  |TAMS 0x00000000acb00000, 0x00000000acb00000| Untracked 

Card table byte_map: [0x000002462a590000,0x000002462a890000] _byte_map_base: 0x000002462a08a000

Marking Bits (Prev, Next): (CMBitMap*) 0x0000024613455280, (CMBitMap*) 0x00000246134552c0
 Prev Bits: [0x000002462ab90000, 0x000002462c360000)
 Next Bits: [0x000002462c360000, 0x000002462db30000)

Polling page: 0x0000024611390000

Metaspace:

Usage:
  Non-class:      8.48 MB used.
      Class:      1.11 MB used.
       Both:      9.59 MB used.

Virtual space:
  Non-class space:       64.00 MB reserved,       8.56 MB ( 13%) committed,  1 nodes.
      Class space:        1.00 GB reserved,       1.19 MB ( <1%) committed,  1 nodes.
             Both:        1.06 GB reserved,       9.75 MB ( <1%) committed. 

Chunk freelists:
   Non-Class:  7.38 MB
       Class:  14.84 MB
        Both:  22.23 MB

MaxMetaspaceSize: unlimited
CompressedClassSpaceSize: 1.00 GB
Initial GC threshold: 21.00 MB
Current GC threshold: 21.00 MB
CDS: on
MetaspaceReclaimPolicy: balanced
 - commit_granule_bytes: 65536.
 - commit_granule_words: 8192.
 - virtual_space_node_default_size: 8388608.
 - enlarge_chunks_in_place: 1.
 - new_chunks_are_fully_committed: 0.
 - uncommit_free_chunks: 1.
 - use_allocation_guard: 0.
 - handle_deallocations: 1.


Internal statistics:

num_allocs_failed_limit: 0.
num_arena_births: 116.
num_arena_deaths: 0.
num_vsnodes_births: 2.
num_vsnodes_deaths: 0.
num_space_committed: 155.
num_space_uncommitted: 0.
num_chunks_returned_to_freelist: 0.
num_chunks_taken_from_freelist: 315.
num_chunk_merges: 0.
num_chunk_splits: 210.
num_chunks_enlarged: 159.
num_inconsistent_stats: 0.

CodeHeap 'non-profiled nmethods': size=120000Kb used=936Kb max_used=936Kb free=119064Kb
 bounds [0x0000024622a20000, 0x0000024622c90000, 0x0000024629f50000]
CodeHeap 'profiled nmethods': size=120000Kb used=3296Kb max_used=3296Kb free=116703Kb
 bounds [0x000002461af50000, 0x000002461b290000, 0x0000024622480000]
CodeHeap 'non-nmethods': size=5760Kb used=1204Kb max_used=1244Kb free=4555Kb
 bounds [0x0000024622480000, 0x00000246226f0000, 0x0000024622a20000]
 total_blobs=2236 nmethods=1724 adapters=425
 compilation: enabled
              stopped_count=0, restarted_count=0
 full_count=0

Compilation events (20 events):
Event: 4.576 Thread 0x0000024630548b20 1716       3       java.util.regex.Pattern$CharPropertyGreedy::match (160 bytes)
Event: 4.577 Thread 0x000002467695fa90 nmethod 1714% 0x0000024622b04310 code [0x0000024622b04540, 0x0000024622b053d8]
Event: 4.577 Thread 0x0000024630548b20 nmethod 1716 0x000002461b285f90 code [0x000002461b2861e0, 0x000002461b286b68]
Event: 4.578 Thread 0x0000024630544d80 1717       4       java.lang.Character::codePointAt (51 bytes)
Event: 4.578 Thread 0x0000024676981a10 1718       4       sun.nio.cs.UTF_8$Decoder::decodeArrayLoop (688 bytes)
Event: 4.579 Thread 0x0000024630548b20 1719       3       java.lang.Character::isLowSurrogate (18 bytes)
Event: 4.579 Thread 0x0000024630548b20 nmethod 1719 0x000002461b286e90 code [0x000002461b287020, 0x000002461b287198]
Event: 4.579 Thread 0x000002467695fa90 1720       4       java.util.regex.Pattern$GroupHead::match (47 bytes)
Event: 4.581 Thread 0x0000024630548b20 1721       3       java.lang.Character::codePointBefore (48 bytes)
Event: 4.581 Thread 0x0000024630548b20 nmethod 1721 0x000002461b287210 code [0x000002461b287400, 0x000002461b287998]
Event: 4.583 Thread 0x0000024630544d80 nmethod 1717 0x0000024622b06110 code [0x0000024622b062c0, 0x0000024622b06528]
Event: 4.583 Thread 0x0000024630544d80 1722       4       java.util.regex.Pattern$CharPropertyGreedy::match (160 bytes)
Event: 4.584 Thread 0x000002467695fa90 nmethod 1720 0x0000024622b06890 code [0x0000024622b06a20, 0x0000024622b06cd8]
Event: 4.586 Thread 0x0000024630548b20 1723   !   3       sun.nio.cs.StreamDecoder::inReady (36 bytes)
Event: 4.586 Thread 0x0000024630548b20 nmethod 1723 0x000002461b287b10 code [0x000002461b287ce0, 0x000002461b288108]
Event: 4.592 Thread 0x000002467695fa90 1724       4       java.util.HashMap::resize (356 bytes)
Event: 4.607 Thread 0x0000024676981a10 nmethod 1718 0x0000024622b06f90 code [0x0000024622b071a0, 0x0000024622b07f28]
Event: 4.640 Thread 0x000002467695fa90 nmethod 1724 0x0000024622b08c90 code [0x0000024622b08e60, 0x0000024622b099f8]
Event: 4.649 Thread 0x0000024630548b20 1725       1       java.lang.StringUTF16$CharsSpliterator::characteristics (5 bytes)
Event: 4.649 Thread 0x0000024630548b20 nmethod 1725 0x0000024622b09d10 code [0x0000024622b09ea0, 0x0000024622b09f78]

GC Heap History (19 events):
Event: 2.319 GC heap before
{Heap before GC invocations=0 (full 0):
 garbage-first heap   total 98304K, used 22528K [0x00000000a0c00000, 0x0000000100000000)
  region size 1024K, 23 young (23552K), 0 survivors (0K)
 Metaspace       used 5870K, committed 6016K, reserved 1114112K
  class space    used 748K, committed 832K, reserved 1048576K
}
Event: 2.338 GC heap after
{Heap after GC invocations=1 (full 0):
 garbage-first heap   total 98304K, used 8320K [0x00000000a0c00000, 0x0000000100000000)
  region size 1024K, 3 young (3072K), 3 survivors (3072K)
 Metaspace       used 5870K, committed 6016K, reserved 1114112K
  class space    used 748K, committed 832K, reserved 1048576K
}
Event: 3.214 GC heap before
{Heap before GC invocations=1 (full 0):
 garbage-first heap   total 98304K, used 26752K [0x00000000a0c00000, 0x0000000100000000)
  region size 1024K, 22 young (22528K), 3 survivors (3072K)
 Metaspace       used 9640K, committed 9792K, reserved 1114112K
  class space    used 1126K, committed 1216K, reserved 1048576K
}
Event: 3.225 GC heap after
{Heap after GC invocations=2 (full 0):
 garbage-first heap   total 98304K, used 9549K [0x00000000a0c00000, 0x0000000100000000)
  region size 1024K, 2 young (2048K), 2 survivors (2048K)
 Metaspace       used 9640K, committed 9792K, reserved 1114112K
  class space    used 1126K, committed 1216K, reserved 1048576K
}
Event: 3.388 GC heap before
{Heap before GC invocations=2 (full 0):
 garbage-first heap   total 98304K, used 46413K [0x00000000a0c00000, 0x0000000100000000)
  region size 1024K, 38 young (38912K), 2 survivors (2048K)
 Metaspace       used 9659K, committed 9856K, reserved 1114112K
  class space    used 1127K, committed 1216K, reserved 1048576K
}
Event: 3.401 GC heap after
{Heap after GC invocations=3 (full 0):
 garbage-first heap   total 98304K, used 11202K [0x00000000a0c00000, 0x0000000100000000)
  region size 1024K, 3 young (3072K), 3 survivors (3072K)
 Metaspace       used 9659K, committed 9856K, reserved 1114112K
  class space    used 1127K, committed 1216K, reserved 1048576K
}
Event: 3.622 GC heap before
{Heap before GC invocations=3 (full 0):
 garbage-first heap   total 98304K, used 66498K [0x00000000a0c00000, 0x0000000100000000)
  region size 1024K, 57 young (58368K), 3 survivors (3072K)
 Metaspace       used 9684K, committed 9856K, reserved 1114112K
  class space    used 1127K, committed 1216K, reserved 1048576K
}
Event: 3.648 GC heap after
{Heap after GC invocations=4 (full 0):
 garbage-first heap   total 98304K, used 15018K [0x00000000a0c00000, 0x0000000100000000)
  region size 1024K, 7 young (7168K), 7 survivors (7168K)
 Metaspace       used 9684K, committed 9856K, reserved 1114112K
  class space    used 1127K, committed 1216K, reserved 1048576K
}
Event: 3.800 GC heap before
{Heap before GC invocations=4 (full 0):
 garbage-first heap   total 98304K, used 67242K [0x00000000a0c00000, 0x0000000100000000)
  region size 1024K, 57 young (58368K), 7 survivors (7168K)
 Metaspace       used 9783K, committed 9920K, reserved 1114112K
  class space    used 1137K, committed 1216K, reserved 1048576K
}
Event: 3.829 GC heap after
{Heap after GC invocations=5 (full 0):
 garbage-first heap   total 98304K, used 19113K [0x00000000a0c00000, 0x0000000100000000)
  region size 1024K, 7 young (7168K), 7 survivors (7168K)
 Metaspace       used 9783K, committed 9920K, reserved 1114112K
  class space    used 1137K, committed 1216K, reserved 1048576K
}
Event: 3.907 GC heap before
{Heap before GC invocations=5 (full 0):
 garbage-first heap   total 98304K, used 70313K [0x00000000a0c00000, 0x0000000100000000)
  region size 1024K, 57 young (58368K), 7 survivors (7168K)
 Metaspace       used 9805K, committed 9984K, reserved 1114112K
  class space    used 1137K, committed 1216K, reserved 1048576K
}
Event: 3.932 GC heap after
{Heap after GC invocations=6 (full 0):
 garbage-first heap   total 196608K, used 21919K [0x00000000a0c00000, 0x0000000100000000)
  region size 1024K, 6 young (6144K), 6 survivors (6144K)
 Metaspace       used 9805K, committed 9984K, reserved 1114112K
  class space    used 1137K, committed 1216K, reserved 1048576K
}
Event: 4.182 GC heap before
{Heap before GC invocations=6 (full 0):
 garbage-first heap   total 196608K, used 135583K [0x00000000a0c00000, 0x0000000100000000)
  region size 1024K, 115 young (117760K), 6 survivors (6144K)
 Metaspace       used 9807K, committed 9984K, reserved 1114112K
  class space    used 1138K, committed 1216K, reserved 1048576K
}
Event: 4.202 GC heap after
{Heap after GC invocations=7 (full 0):
 garbage-first heap   total 196608K, used 29996K [0x00000000a0c00000, 0x0000000100000000)
  region size 1024K, 12 young (12288K), 12 survivors (12288K)
 Metaspace       used 9807K, committed 9984K, reserved 1114112K
  class space    used 1138K, committed 1216K, reserved 1048576K
}
Event: 4.338 GC heap before
{Heap before GC invocations=7 (full 0):
 garbage-first heap   total 196608K, used 135468K [0x00000000a0c00000, 0x0000000100000000)
  region size 1024K, 115 young (117760K), 12 survivors (12288K)
 Metaspace       used 9812K, committed 9984K, reserved 1114112K
  class space    used 1138K, committed 1216K, reserved 1048576K
}
Event: 4.372 GC heap after
{Heap after GC invocations=8 (full 0):
 garbage-first heap   total 196608K, used 36676K [0x00000000a0c00000, 0x0000000100000000)
  region size 1024K, 13 young (13312K), 13 survivors (13312K)
 Metaspace       used 9812K, committed 9984K, reserved 1114112K
  class space    used 1138K, committed 1216K, reserved 1048576K
}
Event: 4.469 GC heap before
{Heap before GC invocations=8 (full 0):
 garbage-first heap   total 196608K, used 141124K [0x00000000a0c00000, 0x0000000100000000)
  region size 1024K, 115 young (117760K), 13 survivors (13312K)
 Metaspace       used 9816K, committed 9984K, reserved 1114112K
  class space    used 1138K, committed 1216K, reserved 1048576K
}
Event: 4.502 GC heap after
{Heap after GC invocations=9 (full 0):
 garbage-first heap   total 196608K, used 41375K [0x00000000a0c00000, 0x0000000100000000)
  region size 1024K, 12 young (12288K), 12 survivors (12288K)
 Metaspace       used 9816K, committed 9984K, reserved 1114112K
  class space    used 1138K, committed 1216K, reserved 1048576K
}
Event: 4.650 GC heap before
{Heap before GC invocations=9 (full 0):
 garbage-first heap   total 196608K, used 149919K [0x00000000a0c00000, 0x0000000100000000)
  region size 1024K, 115 young (117760K), 12 survivors (12288K)
 Metaspace       used 9821K, committed 9984K, reserved 1114112K
  class space    used 1138K, committed 1216K, reserved 1048576K
}

Dll operation events (6 events):
Event: 0.025 Loaded shared library C:\Program Files\Eclipse Adoptium\jdk-17.0.16.8-hotspot\bin\java.dll
Event: 0.088 Loaded shared library C:\Program Files\Eclipse Adoptium\jdk-17.0.16.8-hotspot\bin\jsvml.dll
Event: 0.179 Loaded shared library C:\Program Files\Eclipse Adoptium\jdk-17.0.16.8-hotspot\bin\net.dll
Event: 0.185 Loaded shared library C:\Program Files\Eclipse Adoptium\jdk-17.0.16.8-hotspot\bin\nio.dll
Event: 0.193 Loaded shared library C:\Program Files\Eclipse Adoptium\jdk-17.0.16.8-hotspot\bin\zip.dll
Event: 0.219 Loaded shared library C:\Program Files\Eclipse Adoptium\jdk-17.0.16.8-hotspot\bin\jimage.dll

Deoptimization events (20 events):
Event: 4.575 Thread 0x00000246133ffd00 Uncommon trap: trap_request=0xffffff45 fr.pc=0x0000024622ab1c0c relative=0x00000000000006ac
Event: 4.575 Thread 0x00000246133ffd00 Uncommon trap: reason=unstable_if action=reinterpret pc=0x0000024622ab1c0c method=java.lang.Character.isHighSurrogate(C)Z @ 3 c2
Event: 4.575 Thread 0x00000246133ffd00 DEOPT PACKING pc=0x0000024622ab1c0c sp=0x0000008826cfe470
Event: 4.575 Thread 0x00000246133ffd00 DEOPT UNPACKING pc=0x00000246224d69a3 sp=0x0000008826cfe338 mode 2
Event: 4.577 Thread 0x00000246133ffd00 Uncommon trap: trap_request=0xffffff45 fr.pc=0x0000024622afa000 relative=0x0000000000000160
Event: 4.577 Thread 0x00000246133ffd00 Uncommon trap: reason=unstable_if action=reinterpret pc=0x0000024622afa000 method=java.lang.Character.isLowSurrogate(C)Z @ 3 c2
Event: 4.577 Thread 0x00000246133ffd00 DEOPT PACKING pc=0x0000024622afa000 sp=0x0000008826cfe3f0
Event: 4.577 Thread 0x00000246133ffd00 DEOPT UNPACKING pc=0x00000246224d69a3 sp=0x0000008826cfe328 mode 2
Event: 4.578 Thread 0x00000246133ffd00 DEOPT PACKING pc=0x000002461b27f0dc sp=0x0000008826cfe020
Event: 4.578 Thread 0x00000246133ffd00 DEOPT UNPACKING pc=0x00000246224d7143 sp=0x0000008826cfd578 mode 0
Event: 4.581 Thread 0x00000246133ffd00 DEOPT PACKING pc=0x000002461b27f0dc sp=0x0000008826cfe020
Event: 4.581 Thread 0x00000246133ffd00 DEOPT UNPACKING pc=0x00000246224d7143 sp=0x0000008826cfd578 mode 0
Event: 4.583 Thread 0x00000246133ffd00 DEOPT PACKING pc=0x000002461b27f0dc sp=0x0000008826cfe020
Event: 4.583 Thread 0x00000246133ffd00 DEOPT UNPACKING pc=0x00000246224d7143 sp=0x0000008826cfd578 mode 0
Event: 4.585 Thread 0x00000246133ffd00 DEOPT PACKING pc=0x000002461b27f0dc sp=0x0000008826cfe020
Event: 4.586 Thread 0x00000246133ffd00 DEOPT UNPACKING pc=0x00000246224d7143 sp=0x0000008826cfd578 mode 0
Event: 4.588 Thread 0x00000246133ffd00 DEOPT PACKING pc=0x000002461b27f0dc sp=0x0000008826cfe020
Event: 4.588 Thread 0x00000246133ffd00 DEOPT UNPACKING pc=0x00000246224d7143 sp=0x0000008826cfd578 mode 0
Event: 4.592 Thread 0x00000246133ffd00 DEOPT PACKING pc=0x000002461af872e6 sp=0x0000008826cfe4e0
Event: 4.592 Thread 0x00000246133ffd00 DEOPT UNPACKING pc=0x00000246224d7143 sp=0x0000008826cfd948 mode 0

Classes loaded (20 events):
Event: 3.753 Loading class sun/text/resources/BreakIteratorInfo
Event: 3.753 Loading class sun/text/resources/BreakIteratorInfo done
Event: 3.755 Loading class sun/text/resources/BreakIteratorResources
Event: 3.755 Loading class sun/util/resources/BreakIteratorResourceBundle
Event: 3.755 Loading class sun/util/resources/BreakIteratorResourceBundle done
Event: 3.755 Loading class sun/text/resources/BreakIteratorResources done
Event: 3.756 Loading class sun/text/resources/BreakIteratorResources_en
Event: 3.756 Loading class sun/text/resources/BreakIteratorResources_en done
Event: 3.759 Loading class sun/text/RuleBasedBreakIterator
Event: 3.760 Loading class sun/text/RuleBasedBreakIterator done
Event: 3.763 Loading class sun/text/CompactByteArray
Event: 3.763 Loading class sun/text/CompactByteArray done
Event: 3.765 Loading class sun/text/SupplementaryCharacterData
Event: 3.766 Loading class sun/text/SupplementaryCharacterData done
Event: 3.766 Loading class java/text/BreakIterator$BreakIteratorCache
Event: 3.766 Loading class java/text/BreakIterator$BreakIteratorCache done
Event: 3.766 Loading class java/text/StringCharacterIterator
Event: 3.767 Loading class java/text/CharacterIterator
Event: 3.767 Loading class java/text/CharacterIterator done
Event: 3.767 Loading class java/text/StringCharacterIterator done

Classes unloaded (0 events):
No events

Classes redefined (0 events):
No events

Internal exceptions (12 events):
Event: 0.829 Thread 0x00000246133ffd00 Exception <a 'java/lang/NoSuchMethodError'{0x00000000a62cb070}: 'java.lang.Object java.lang.invoke.DirectMethodHandle$Holder.invokeSpecial(java.lang.Object, java.lang.Object, java.lang.Object, long, java.lang.Object)'> (0x00000000a62cb070) 
thrown [s\src\hotspot\share\interpreter\linkResolver.cpp, line 759]
Event: 0.830 Thread 0x00000246133ffd00 Exception <a 'java/lang/NoSuchMethodError'{0x00000000a62ced10}: 'java.lang.Object java.lang.invoke.Invokers$Holder.linkToTargetMethod(java.lang.Object, long, java.lang.Object, java.lang.Object)'> (0x00000000a62ced10) 
thrown [s\src\hotspot\share\interpreter\linkResolver.cpp, line 759]
Event: 0.894 Thread 0x00000246133ffd00 Exception <a 'java/lang/NoSuchMethodError'{0x00000000a615cf18}: 'void java.lang.invoke.DirectMethodHandle$Holder.invokeStatic(java.lang.Object, java.lang.Object, java.lang.Object)'> (0x00000000a615cf18) 
thrown [s\src\hotspot\share\interpreter\linkResolver.cpp, line 759]
Event: 1.130 Thread 0x00000246133ffd00 Exception <a 'java/lang/NoSuchMethodError'{0x00000000a60fa0d8}: 'void java.lang.invoke.DirectMethodHandle$Holder.invokeSpecialIFC(java.lang.Object, java.lang.Object, java.lang.Object, java.lang.Object, java.lang.Object)'> (0x00000000a60fa0d8) 
thrown [s\src\hotspot\share\interpreter\linkResolver.cpp, line 759]
Event: 1.133 Thread 0x00000246133ffd00 Exception <a 'java/lang/NoSuchMethodError'{0x00000000a5f026e0}: 'void java.lang.invoke.DirectMethodHandle$Holder.invokeStatic(java.lang.Object, java.lang.Object, java.lang.Object, java.lang.Object)'> (0x00000000a5f026e0) 
thrown [s\src\hotspot\share\interpreter\linkResolver.cpp, line 759]
Event: 1.136 Thread 0x00000246133ffd00 Exception <a 'java/lang/NoSuchMethodError'{0x00000000a5f0bbe0}: 'int java.lang.invoke.DirectMethodHandle$Holder.invokeSpecial(java.lang.Object, java.lang.Object, java.lang.Object)'> (0x00000000a5f0bbe0) 
thrown [s\src\hotspot\share\interpreter\linkResolver.cpp, line 759]
Event: 1.214 Thread 0x00000246133ffd00 Exception <a 'java/lang/NoSuchMethodError'{0x00000000a5fcb650}: 'java.lang.Object java.lang.invoke.DirectMethodHandle$Holder.invokeStaticInit(java.lang.Object, java.lang.Object, java.lang.Object)'> (0x00000000a5fcb650) 
thrown [s\src\hotspot\share\interpreter\linkResolver.cpp, line 759]
Event: 2.503 Thread 0x00000246133ffd00 Exception <a 'java/lang/ClassNotFoundException'{0x00000000a6abcc88}: com/sun/org/apache/xerces/internal/impl/xpath/regex/spi/messageProvider> (0x00000000a6abcc88) 
thrown [s\src\hotspot\share\classfile\systemDictionary.cpp, line 256]
Event: 2.614 Thread 0x00000246133ffd00 Exception <a 'java/lang/NoSuchMethodError'{0x00000000a6aff8d8}: 'void java.lang.invoke.DirectMethodHandle$Holder.invokeSpecial(java.lang.Object, java.lang.Object, java.lang.Object)'> (0x00000000a6aff8d8) 
thrown [s\src\hotspot\share\interpreter\linkResolver.cpp, line 759]
Event: 3.104 Thread 0x00000246133ffd00 Exception <a 'java/lang/NoSuchMethodError'{0x00000000a65c3068}: 'int java.lang.invoke.DirectMethodHandle$Holder.invokeStatic(java.lang.Object, java.lang.Object, int)'> (0x00000000a65c3068) 
thrown [s\src\hotspot\share\interpreter\linkResolver.cpp, line 759]
Event: 3.113 Thread 0x00000246133ffd00 Exception <a 'java/lang/NoSuchMethodError'{0x00000000a65d9208}: 'java.lang.Object java.lang.invoke.DirectMethodHandle$Holder.invokeInterface(java.lang.Object, java.lang.Object)'> (0x00000000a65d9208) 
thrown [s\src\hotspot\share\interpreter\linkResolver.cpp, line 759]
Event: 3.113 Thread 0x00000246133ffd00 Exception <a 'java/lang/IncompatibleClassChangeError'{0x00000000a65dc758}: Found class java.lang.Object, but interface was expected> (0x00000000a65dc758) 
thrown [s\src\hotspot\share\interpreter\linkResolver.cpp, line 826]

VM Operations (20 events):
Event: 3.225 Executing VM operation: G1CollectForAllocation done
Event: 3.275 Executing VM operation: ThreadDump
Event: 3.275 Executing VM operation: ThreadDump done
Event: 3.387 Executing VM operation: G1CollectForAllocation
Event: 3.401 Executing VM operation: G1CollectForAllocation done
Event: 3.622 Executing VM operation: G1CollectForAllocation
Event: 3.648 Executing VM operation: G1CollectForAllocation done
Event: 3.800 Executing VM operation: G1CollectForAllocation
Event: 3.829 Executing VM operation: G1CollectForAllocation done
Event: 3.907 Executing VM operation: G1CollectForAllocation
Event: 3.932 Executing VM operation: G1CollectForAllocation done
Event: 4.182 Executing VM operation: G1CollectForAllocation
Event: 4.202 Executing VM operation: G1CollectForAllocation done
Event: 4.276 Executing VM operation: ThreadDump
Event: 4.276 Executing VM operation: ThreadDump done
Event: 4.338 Executing VM operation: G1CollectForAllocation
Event: 4.372 Executing VM operation: G1CollectForAllocation done
Event: 4.469 Executing VM operation: G1CollectForAllocation
Event: 4.502 Executing VM operation: G1CollectForAllocation done
Event: 4.650 Executing VM operation: G1CollectForAllocation

Memory protections (0 events):
No events

Nmethod flushes (0 events):
No events

Events (18 events):
Event: 0.089 Thread 0x00000246133ffd00 Thread added: 0x00000246133ffd00
Event: 0.097 Thread 0x00000246133ffd00 Thread added: 0x0000024630524fc0
Event: 0.098 Thread 0x00000246133ffd00 Thread added: 0x0000024630525a50
Event: 0.118 Thread 0x00000246133ffd00 Thread added: 0x000002463053c3c0
Event: 0.119 Thread 0x00000246133ffd00 Thread added: 0x000002463053e9b0
Event: 0.119 Thread 0x00000246133ffd00 Thread added: 0x000002463053ef80
Event: 0.119 Thread 0x00000246133ffd00 Thread added: 0x000002463053f550
Event: 0.119 Thread 0x00000246133ffd00 Thread added: 0x0000024630544d80
Event: 0.119 Thread 0x00000246133ffd00 Thread added: 0x0000024630548b20
Event: 0.120 Thread 0x00000246133ffd00 Thread added: 0x0000024630586af0
Event: 0.163 Thread 0x00000246133ffd00 Thread added: 0x00000246307afef0
Event: 0.169 Thread 0x00000246133ffd00 Thread added: 0x00000246307b5c70
Event: 1.746 Thread 0x0000024630548b20 Thread added: 0x000002467685b2a0
Event: 2.274 Thread 0x00000246133ffd00 Thread added: 0x00000246768e2bb0
Event: 2.293 Thread 0x00000246133ffd00 Thread added: 0x0000024676a35d00
Event: 2.663 Thread 0x000002467685b2a0 Thread exited: 0x000002467685b2a0
Event: 3.148 Thread 0x0000024630548b20 Thread added: 0x0000024676981a10
Event: 3.236 Thread 0x0000024676981a10 Thread added: 0x000002467695fa90


Dynamic libraries:
0x00007ff624850000 - 0x00007ff62485e000 	C:\Program Files\Eclipse Adoptium\jdk-17.0.16.8-hotspot\bin\java.EXE
0x00007ffa76910000 - 0x00007ffa76b27000 	C:\WINDOWS\SYSTEM32\ntdll.dll
0x00007ffa764d0000 - 0x00007ffa76594000 	C:\WINDOWS\System32\KERNEL32.DLL
0x00007ffa74080000 - 0x00007ffa74452000 	C:\WINDOWS\System32\KERNELBASE.dll
0x00007ffa73c60000 - 0x00007ffa73d71000 	C:\WINDOWS\System32\ucrtbase.dll
0x00007ff9abd50000 - 0x00007ff9abd67000 	C:\Program Files\Eclipse Adoptium\jdk-17.0.16.8-hotspot\bin\jli.dll
0x00007ffa74a10000 - 0x00007ffa74bc1000 	C:\WINDOWS\System32\USER32.dll
0x00007ffa73b70000 - 0x00007ffa73b96000 	C:\WINDOWS\System32\win32u.dll
0x00007ffa76630000 - 0x00007ffa76659000 	C:\WINDOWS\System32\GDI32.dll
0x00007ffa73e00000 - 0x00007ffa73f23000 	C:\WINDOWS\System32\gdi32full.dll
0x00007ffa5fb50000 - 0x00007ffa5fdeb000 	C:\WINDOWS\WinSxS\amd64_microsoft.windows.common-controls_6595b64144ccf1df_6.0.22621.5547_none_27104afb73855772\COMCTL32.dll
0x00007ffa73f60000 - 0x00007ffa73ffa000 	C:\WINDOWS\System32\msvcp_win.dll
0x00007ffa758f0000 - 0x00007ffa75997000 	C:\WINDOWS\System32\msvcrt.dll
0x00007ff9c54d0000 - 0x00007ff9c54ee000 	C:\Program Files\Eclipse Adoptium\jdk-17.0.16.8-hotspot\bin\VCRUNTIME140.dll
0x00007ffa74610000 - 0x00007ffa74641000 	C:\WINDOWS\System32\IMM32.DLL
0x00007ffa22a50000 - 0x00007ffa22a5c000 	C:\Program Files\Eclipse Adoptium\jdk-17.0.16.8-hotspot\bin\vcruntime140_1.dll
0x00007ff92c110000 - 0x00007ff92c19d000 	C:\Program Files\Eclipse Adoptium\jdk-17.0.16.8-hotspot\bin\msvcp140.dll
0x00007ff92b4a0000 - 0x00007ff92c10b000 	C:\Program Files\Eclipse Adoptium\jdk-17.0.16.8-hotspot\bin\server\jvm.dll
0x00007ffa74950000 - 0x00007ffa74a01000 	C:\WINDOWS\System32\ADVAPI32.dll
0x00007ffa74bd0000 - 0x00007ffa74c78000 	C:\WINDOWS\System32\sechost.dll
0x00007ffa73f30000 - 0x00007ffa73f58000 	C:\WINDOWS\System32\bcrypt.dll
0x00007ffa74c80000 - 0x00007ffa74d94000 	C:\WINDOWS\System32\RPCRT4.dll
0x00007ffa75fd0000 - 0x00007ffa76041000 	C:\WINDOWS\System32\WS2_32.dll
0x00007ffa738d0000 - 0x00007ffa7391d000 	C:\WINDOWS\SYSTEM32\POWRPROF.dll
0x00007ffa6e750000 - 0x00007ffa6e784000 	C:\WINDOWS\SYSTEM32\WINMM.dll
0x00007ffa69080000 - 0x00007ffa6908a000 	C:\WINDOWS\SYSTEM32\VERSION.dll
0x00007ffa738b0000 - 0x00007ffa738c3000 	C:\WINDOWS\SYSTEM32\UMPDC.dll
0x00007ffa72a30000 - 0x00007ffa72a48000 	C:\WINDOWS\SYSTEM32\kernel.appcore.dll
0x00007ffa1f7e0000 - 0x00007ffa1f7ea000 	C:\Program Files\Eclipse Adoptium\jdk-17.0.16.8-hotspot\bin\jimage.dll
0x00007ffa70ca0000 - 0x00007ffa70ed3000 	C:\WINDOWS\SYSTEM32\DBGHELP.DLL
0x00007ffa75c30000 - 0x00007ffa75fc3000 	C:\WINDOWS\System32\combase.dll
0x00007ffa74870000 - 0x00007ffa74947000 	C:\WINDOWS\System32\OLEAUT32.dll
0x00007ffa5ea70000 - 0x00007ffa5eaa2000 	C:\WINDOWS\SYSTEM32\dbgcore.DLL
0x00007ffa73d80000 - 0x00007ffa73dfb000 	C:\WINDOWS\System32\bcryptPrimitives.dll
0x00007ff92b470000 - 0x00007ff92b495000 	C:\Program Files\Eclipse Adoptium\jdk-17.0.16.8-hotspot\bin\java.dll
0x00007ff92b390000 - 0x00007ff92b467000 	C:\Program Files\Eclipse Adoptium\jdk-17.0.16.8-hotspot\bin\jsvml.dll
0x00007ffa75040000 - 0x00007ffa758e2000 	C:\WINDOWS\System32\SHELL32.dll
0x00007ffa74460000 - 0x00007ffa7459f000 	C:\WINDOWS\System32\wintypes.dll
0x00007ffa71930000 - 0x00007ffa7224d000 	C:\WINDOWS\SYSTEM32\windows.storage.dll
0x00007ffa74dc0000 - 0x00007ffa74ecc000 	C:\WINDOWS\System32\SHCORE.dll
0x00007ffa74800000 - 0x00007ffa74869000 	C:\WINDOWS\System32\shlwapi.dll
0x00007ffa73930000 - 0x00007ffa7395b000 	C:\WINDOWS\SYSTEM32\profapi.dll
0x00007ff9aa580000 - 0x00007ff9aa599000 	C:\Program Files\Eclipse Adoptium\jdk-17.0.16.8-hotspot\bin\net.dll
0x00007ffa6e1b0000 - 0x00007ffa6e2dc000 	C:\WINDOWS\SYSTEM32\WINHTTP.dll
0x00007ffa72eb0000 - 0x00007ffa72f19000 	C:\WINDOWS\system32\mswsock.dll
0x00007ff998cb0000 - 0x00007ff998cc6000 	C:\Program Files\Eclipse Adoptium\jdk-17.0.16.8-hotspot\bin\nio.dll
0x00007ff998190000 - 0x00007ff9981a8000 	C:\Program Files\Eclipse Adoptium\jdk-17.0.16.8-hotspot\bin\zip.dll

dbghelp: loaded successfully - version: 4.0.5 - missing functions: none
symbol engine: initialized successfully - sym options: 0x614 - pdb path: .;C:\Program Files\Eclipse Adoptium\jdk-17.0.16.8-hotspot\bin;C:\WINDOWS\SYSTEM32;C:\WINDOWS\WinSxS\amd64_microsoft.windows.common-controls_6595b64144ccf1df_6.0.22621.5547_none_27104afb73855772;C:\Program Files\Eclipse Adoptium\jdk-17.0.16.8-hotspot\bin\server

VM Arguments:
java_command: org.languagetool.server.HTTPServer -p 8083
java_class_path (initial): C:\Users\91999\.cache\language_tool_python\LanguageTool-6.7-SNAPSHOT\languagetool-server.jar
Launcher Type: SUN_STANDARD

[Global flags]
     intx CICompilerCount                          = 4                                         {product} {ergonomic}
     uint ConcGCThreads                            = 2                                         {product} {ergonomic}
     uint G1ConcRefinementThreads                  = 8                                         {product} {ergonomic}
   size_t G1HeapRegionSize                         = 1048576                                   {product} {ergonomic}
    uintx GCDrainStackTargetSize                   = 64                                        {product} {ergonomic}
   size_t InitialHeapSize                          = 100663296                                 {product} {ergonomic}
   size_t MarkStackSize                            = 4194304                                   {product} {ergonomic}
   size_t MaxHeapSize                              = 1598029824                                {product} {ergonomic}
   size_t MaxNewSize                               = 958398464                                 {product} {ergonomic}
   size_t MinHeapDeltaBytes                        = 1048576                                   {product} {ergonomic}
   size_t MinHeapSize                              = 8388608                                   {product} {ergonomic}
    uintx NonNMethodCodeHeapSize                   = 5839372                                {pd product} {ergonomic}
    uintx NonProfiledCodeHeapSize                  = 122909434                              {pd product} {ergonomic}
    uintx ProfiledCodeHeapSize                     = 122909434                              {pd product} {ergonomic}
    uintx ReservedCodeCacheSize                    = 251658240                              {pd product} {ergonomic}
     bool SegmentedCodeCache                       = true                                      {product} {ergonomic}
   size_t SoftMaxHeapSize                          = 1598029824                             {manageable} {ergonomic}
     bool UseCompressedClassPointers               = true                           {product lp64_product} {ergonomic}
     bool UseCompressedOops                        = true                           {product lp64_product} {ergonomic}
     bool UseG1GC                                  = true                                      {product} {ergonomic}
     bool UseLargePagesIndividualAllocation        = false                                  {pd product} {ergonomic}

Logging:
Log output configuration:
 #0: stdout all=warning uptime,level,tags
 #1: stderr all=off uptime,level,tags

Environment Variables:
JAVA_HOME=C:\Program Files\Eclipse Adoptium\jdk-17.0.16.8-hotspot
PATH=D:\Projects\Hackathon\Server\venv\Lib\site-packages\cv2\../../x64/vc17/bin;D:\Projects\Hackathon\server\venv\scripts;C:\Program Files\Eclipse Adoptium\jdk-17.0.16.8-hotspot\bin;C:\Program Files (x86)\Common Files\Oracle\Java\java8path;C:\Program Files (x86)\Common Files\Oracle\Java\javapath;C:\Program Files\Python312\Scripts\;C:\Program Files\Python312\;C:\oraclexe\app\oracle\product\10.2.0\server\bin;C:\WINDOWS\system32;C:\WINDOWS;C:\WINDOWS\System32\Wbem;C:\WINDOWS\System32\WindowsPowerShell\v1.0\;C:\WINDOWS\System32\OpenSSH\;C:\Program Files\Java\jdk1.8.0_202\bin;C:\Program Files (x86)\Microsoft SQL Server\100\Tools\Binn\;C:\Program Files\Microsoft SQL Server\100\Tools\Binn\;C:\Program Files\Microsoft SQL Server\100\DTS\Binn\;C:\Program Files (x86)\Microsoft SQL Server\160\Tools\Binn\;C:\Program Files\Microsoft SQL Server\160\Tools\Binn\;C:\Program Files\Microsoft SQL Server\Client SDK\ODBC\170\Tools\Binn\;C:\Program Files\Microsoft SQL Server\160\DTS\Binn\;C:\Program Files\Azure Data Studio\bin;C:\ngrok;C:\Program Files\Microsoft SQL Server\150\Tools\Binn\;C:\Program Files\dotnet\;C:\Program Files\Git\cmd;C:\Program Files\Git\mingw64\bin;C:\Program Files\Git\usr\bin;C:\Program Files\nodejs\;C:\Users\91999\AppData\Local\Microsoft\WindowsApps;C:\Users\91999\AppData\Local\Programs\Microsoft VS Code\bin;C:\Program Files\Azure Data Studio\bin;C:\Program Files\JetBrains\PyCharm 2023.3.2\bin;;C:\Users\91999\Downloads\mongosh-2.1.1-win32-x64\mongosh-2.1.1-win32-x64\bin;C:\Users\91999\AppData\Local\Programs\MiKTeX\miktex\bin\x64\;C:\msys64\ucrt64\bin;C:\Users\91999\.dotnet\tools;C:\Users\91999\AppData\Local\Android\Sdk\platform-tools;C:\Users\91999\AppData\Roaming\npm;C:\apache-maven-3.9.11\bin;C:\cygwin64\bin;C:\Users\91999\AppData\Local\GitHubDesktop\bin;C:\xampp\htdocs;C:\Program Files\Eclipse Adoptium\jdk-17.0.16.8-hotspot;;c:\Users\91999\.vscode\extensions\ms-python.debugpy-2025.10.0-win32-x64\bundled\scripts\noConfigScripts
USERNAME=91999
LANG=en_US.UTF-8
OS=Windows_NT
PROCESSOR_IDENTIFIER=AMD64 Family 23 Model 24 Stepping 1, AuthenticAMD
TMP=C:\Users\91999\AppData\Local\Temp
TEMP=C:\Users\91999\AppData\Local\Temp



Periodic native trim disabled


---------------  S Y S T E M  ---------------

OS:
 Windows 11 , 64 bit Build 22621 (10.0.22621.5415)
OS uptime: 0 days 15:36 hours

CPU: total 8 (initial active 8) (8 cores per cpu, 2 threads per core) family 23 model 24 stepping 1 microcode 0x0, cx8, cmov, fxsr, ht, mmx, 3dnowpref, sse, sse2, sse3, ssse3, sse4a, sse4.1, sse4.2, popcnt, lzcnt, tsc, tscinvbit, avx, avx2, aes, clmul, bmi1, bmi2, adx, sha, fma, vzeroupper, clflush, clflushopt
Processor Information for processor 0
  Max Mhz: 2100, Current Mhz: 2100, Mhz Limit: 2100
Processor Information for processor 1
  Max Mhz: 2100, Current Mhz: 2100, Mhz Limit: 2100
Processor Information for processor 2
  Max Mhz: 2100, Current Mhz: 2100, Mhz Limit: 2100
Processor Information for processor 3
  Max Mhz: 2100, Current Mhz: 2100, Mhz Limit: 2100
Processor Information for processor 4
  Max Mhz: 2100, Current Mhz: 1400, Mhz Limit: 2100
Processor Information for processor 5
  Max Mhz: 2100, Current Mhz: 1400, Mhz Limit: 2100
Processor Information for processor 6
  Max Mhz: 2100, Current Mhz: 1400, Mhz Limit: 2100
Processor Information for processor 7
  Max Mhz: 2100, Current Mhz: 1400, Mhz Limit: 2100

Memory: 4k page, system-wide physical 6091M (748M free)
TotalPageFile size 24500M (AvailPageFile size 191M)
current process WorkingSet (physical memory assigned to process): 260M, peak: 260M
current process commit charge ("private bytes"): 311M, peak: 572M

vm_info: OpenJDK 64-Bit Server VM (17.0.16+8) for windows-amd64 JRE (17.0.16+8), built on Jul 16 2025 10:37:56 by "admin" with MS VC++ 17.7 (VS2022)

END.
